<?xml version="1.0" encoding="UTF-8"?>
<!-- Generated by org.testng.reporters.JUnitReportReporter -->
<testsuite hostname="DESKTOP-2HH4QJ8" failures="0" tests="1" name="DemoParsing.jsonParsing" time="1.688" errors="0" timestamp="2024-12-02T16:59:02 IST" skipped="0">
  <testcase classname="DemoParsing.jsonParsing" name="testBookTitleJson" time="1.688"/>
  <system-out/>
</testsuite> <!-- DemoParsing.jsonParsing -->
