<?xml version="1.0" encoding="UTF-8"?>
<!-- Generated by org.testng.reporters.JUnitReportReporter -->
<testsuite hostname="DESKTOP-2HH4QJ8" failures="0" tests="1" name="Auth.BasicAuth" time="2.591" errors="0" timestamp="2024-11-21T13:14:43 IST" skipped="0">
  <testcase classname="Auth.BasicAuth" name="testDigestAuth" time="2.591"/>
  <system-out/>
</testsuite> <!-- Auth.BasicAuth -->
